The system is: Linux - 4.4.0-18362-Microsoft - x86_64
Compiling the C compiler identification source file "CMakeCCompilerId.c" succeeded.
Compiler: /usr/bin/cc 
Build flags: 
Id flags:  

The output was:
0


Compilation of the C compiler identification source "CMakeCCompilerId.c" produced "a.out"

The C compiler identification is GNU, found in "/mnt/c/Users/ethan/CLionProjects/IsingModel-Visual/cmake-build-debug-wsl/CMakeFiles/3.16.3/CompilerIdC/a.out"

Compiling the CXX compiler identification source file "CMakeCXXCompilerId.cpp" succeeded.
Compiler: /usr/bin/c++ 
Build flags: 
Id flags:  

The output was:
0


Compilation of the CXX compiler identification source "CMakeCXXCompilerId.cpp" produced "a.out"

The CXX compiler identification is GNU, found in "/mnt/c/Users/ethan/CLionProjects/IsingModel-Visual/cmake-build-debug-wsl/CMakeFiles/3.16.3/CompilerIdCXX/a.out"

Determining if the C compiler works passed with the following output:
Change Dir: /mnt/c/Users/ethan/CLionProjects/IsingModel-Visual/cmake-build-debug-wsl/CMakeFiles/CMakeTmp

Run Build Command(s):/usr/bin/make cmTC_00bb5/fast && /usr/bin/make -f CMakeFiles/cmTC_00bb5.dir/build.make CMakeFiles/cmTC_00bb5.dir/build
make[1]: Entering directory '/mnt/c/Users/ethan/CLionProjects/IsingModel-Visual/cmake-build-debug-wsl/CMakeFiles/CMakeTmp'
Building C object CMakeFiles/cmTC_00bb5.dir/testCCompiler.c.o
/usr/bin/cc    -o CMakeFiles/cmTC_00bb5.dir/testCCompiler.c.o   -c /mnt/c/Users/ethan/CLionProjects/IsingModel-Visual/cmake-build-debug-wsl/CMakeFiles/CMakeTmp/testCCompiler.c
Linking C executable cmTC_00bb5
/usr/bin/cmake -E cmake_link_script CMakeFiles/cmTC_00bb5.dir/link.txt --verbose=1
/usr/bin/cc      CMakeFiles/cmTC_00bb5.dir/testCCompiler.c.o  -o cmTC_00bb5 
make[1]: Leaving directory '/mnt/c/Users/ethan/CLionProjects/IsingModel-Visual/cmake-build-debug-wsl/CMakeFiles/CMakeTmp'



Determining if the CXX compiler works passed with the following output:
Change Dir: /mnt/c/Users/ethan/CLionProjects/IsingModel-Visual/cmake-build-debug-wsl/CMakeFiles/CMakeTmp

Run Build Command(s):/usr/bin/make cmTC_60d0d/fast && /usr/bin/make -f CMakeFiles/cmTC_60d0d.dir/build.make CMakeFiles/cmTC_60d0d.dir/build
make[1]: Entering directory '/mnt/c/Users/ethan/CLionProjects/IsingModel-Visual/cmake-build-debug-wsl/CMakeFiles/CMakeTmp'
Building CXX object CMakeFiles/cmTC_60d0d.dir/testCXXCompiler.cxx.o
/usr/bin/c++    -std=gnu++2a -o CMakeFiles/cmTC_60d0d.dir/testCXXCompiler.cxx.o -c /mnt/c/Users/ethan/CLionProjects/IsingModel-Visual/cmake-build-debug-wsl/CMakeFiles/CMakeTmp/testCXXCompiler.cxx
Linking CXX executable cmTC_60d0d
/usr/bin/cmake -E cmake_link_script CMakeFiles/cmTC_60d0d.dir/link.txt --verbose=1
/usr/bin/c++       CMakeFiles/cmTC_60d0d.dir/testCXXCompiler.cxx.o  -o cmTC_60d0d 
make[1]: Leaving directory '/mnt/c/Users/ethan/CLionProjects/IsingModel-Visual/cmake-build-debug-wsl/CMakeFiles/CMakeTmp'



Determining if the include file pthread.h exists passed with the following output:
Change Dir: /mnt/c/Users/ethan/CLionProjects/IsingModel-Visual/cmake-build-debug-wsl/CMakeFiles/CMakeTmp

Run Build Command(s):/usr/bin/make cmTC_c5952/fast && /usr/bin/make -f CMakeFiles/cmTC_c5952.dir/build.make CMakeFiles/cmTC_c5952.dir/build
make[1]: Entering directory '/mnt/c/Users/ethan/CLionProjects/IsingModel-Visual/cmake-build-debug-wsl/CMakeFiles/CMakeTmp'
Building C object CMakeFiles/cmTC_c5952.dir/CheckIncludeFile.c.o
/usr/bin/cc    -o CMakeFiles/cmTC_c5952.dir/CheckIncludeFile.c.o   -c /mnt/c/Users/ethan/CLionProjects/IsingModel-Visual/cmake-build-debug-wsl/CMakeFiles/CMakeTmp/CheckIncludeFile.c
Linking C executable cmTC_c5952
/usr/bin/cmake -E cmake_link_script CMakeFiles/cmTC_c5952.dir/link.txt --verbose=1
/usr/bin/cc      CMakeFiles/cmTC_c5952.dir/CheckIncludeFile.c.o  -o cmTC_c5952 
make[1]: Leaving directory '/mnt/c/Users/ethan/CLionProjects/IsingModel-Visual/cmake-build-debug-wsl/CMakeFiles/CMakeTmp'



Determining if the function pthread_create exists in the pthread passed with the following output:
Change Dir: /mnt/c/Users/ethan/CLionProjects/IsingModel-Visual/cmake-build-debug-wsl/CMakeFiles/CMakeTmp

Run Build Command(s):/usr/bin/make cmTC_9375b/fast && /usr/bin/make -f CMakeFiles/cmTC_9375b.dir/build.make CMakeFiles/cmTC_9375b.dir/build
make[1]: Entering directory '/mnt/c/Users/ethan/CLionProjects/IsingModel-Visual/cmake-build-debug-wsl/CMakeFiles/CMakeTmp'
Building C object CMakeFiles/cmTC_9375b.dir/CheckFunctionExists.c.o
/usr/bin/cc   -DCHECK_FUNCTION_EXISTS=pthread_create   -o CMakeFiles/cmTC_9375b.dir/CheckFunctionExists.c.o   -c /usr/share/cmake-3.16/Modules/CheckFunctionExists.c
Linking C executable cmTC_9375b
/usr/bin/cmake -E cmake_link_script CMakeFiles/cmTC_9375b.dir/link.txt --verbose=1
/usr/bin/cc  -DCHECK_FUNCTION_EXISTS=pthread_create    CMakeFiles/cmTC_9375b.dir/CheckFunctionExists.c.o  -o cmTC_9375b  -lpthread 
make[1]: Leaving directory '/mnt/c/Users/ethan/CLionProjects/IsingModel-Visual/cmake-build-debug-wsl/CMakeFiles/CMakeTmp'



